[debug] [2019-02-10T23:56:01.626Z] ----------------------------------------------------------------------
[debug] [2019-02-10T23:56:01.626Z] Command:       C:\Program Files\nodejs\node.exe C:\Users\Tyler\AppData\Roaming\npm\node_modules\firebase-tools\lib\bin\firebase.js init
[debug] [2019-02-10T23:56:01.626Z] CLI Version:   6.3.1
[debug] [2019-02-10T23:56:01.626Z] Platform:      win32
[debug] [2019-02-10T23:56:01.626Z] Node Version:  v8.11.3
[debug] [2019-02-10T23:56:01.626Z] Time:          Sun Feb 10 2019 15:56:01 GMT-0800 (Pacific Standard Time)
[debug] [2019-02-10T23:56:01.626Z] ----------------------------------------------------------------------
[debug] 
[debug] [2019-02-10T23:56:01.641Z] > command requires scopes: ["email","openid","https://www.googleapis.com/auth/cloudplatformprojects.readonly","https://www.googleapis.com/auth/firebase","https://www.googleapis.com/auth/cloud-platform"]
[debug] [2019-02-10T23:56:01.641Z] > authorizing via signed-in user
[info] 
     ######## #### ########  ######## ########     ###     ######  ########
     ##        ##  ##     ## ##       ##     ##  ##   ##  ##       ##
     ######    ##  ########  ######   ########  #########  ######  ######
     ##        ##  ##    ##  ##       ##     ## ##     ##       ## ##
     ##       #### ##     ## ######## ########  ##     ##  ######  ########

You're about to initialize a Firebase project in this directory:

  C:\Projects\microplastics\microplastics

Before we get started, keep in mind:

  * You are currently outside your home directory
  * You are initializing in an existing Firebase project directory

[info] 
=== Project Setup
[info] 
[info] First, let's associate this project directory with a Firebase project.
[info] You can create multiple project aliases by running firebase use --add, 
[info] but for now we'll just set up a default project.
[info] 
[debug] [2019-02-10T23:56:12.088Z] >>> HTTP REQUEST GET https://firebase.googleapis.com/v1beta1/projects?page_size=100  
 
[debug] [2019-02-10T23:56:15.497Z] <<< HTTP RESPONSE 200
[info] 
=== Hosting Setup
[info] 
[info] Your public directory is the folder (relative to your project directory) that
[info] will contain Hosting assets to be uploaded with firebase deploy. If you
[info] have a build process for your assets, use your build's output directory.
[info] 
[debug] [2019-02-11T00:00:49.787Z] ----------------------------------------------------------------------
[debug] [2019-02-11T00:00:49.803Z] Command:       C:\Program Files\nodejs\node.exe C:\Users\Tyler\AppData\Roaming\npm\node_modules\firebase-tools\lib\bin\firebase.js init
[debug] [2019-02-11T00:00:49.803Z] CLI Version:   6.3.1
[debug] [2019-02-11T00:00:49.803Z] Platform:      win32
[debug] [2019-02-11T00:00:49.803Z] Node Version:  v8.11.3
[debug] [2019-02-11T00:00:49.803Z] Time:          Sun Feb 10 2019 16:00:49 GMT-0800 (Pacific Standard Time)
[debug] [2019-02-11T00:00:49.803Z] ----------------------------------------------------------------------
[debug] 
[debug] [2019-02-11T00:00:49.803Z] > command requires scopes: ["email","openid","https://www.googleapis.com/auth/cloudplatformprojects.readonly","https://www.googleapis.com/auth/firebase","https://www.googleapis.com/auth/cloud-platform"]
[debug] [2019-02-11T00:00:49.803Z] > authorizing via signed-in user
[info] 
     ######## #### ########  ######## ########     ###     ######  ########
     ##        ##  ##     ## ##       ##     ##  ##   ##  ##       ##
     ######    ##  ########  ######   ########  #########  ######  ######
     ##        ##  ##    ##  ##       ##     ## ##     ##       ## ##
     ##       #### ##     ## ######## ########  ##     ##  ######  ########

You're about to initialize a Firebase project in this directory:

  C:\Projects\microplastics\microplastics

Before we get started, keep in mind:

  * You are currently outside your home directory
  * You are initializing in an existing Firebase project directory

[info] 
=== Project Setup
[info] 
[info] First, let's associate this project directory with a Firebase project.
[info] You can create multiple project aliases by running firebase use --add, 
[info] but for now we'll just set up a default project.
[info] 
[debug] [2019-02-11T00:00:54.920Z] >>> HTTP REQUEST GET https://firebase.googleapis.com/v1beta1/projects?page_size=100  
 
[debug] [2019-02-11T00:00:54.951Z] Error: getaddrinfo ENOTFOUND firebase.googleapis.com firebase.googleapis.com:443
    at errnoException (dns.js:50:10)
    at GetAddrInfoReqWrap.onlookup [as oncomplete] (dns.js:92:26)
[error] 
[error] Error: Server Error. getaddrinfo ENOTFOUND firebase.googleapis.com firebase.googleapis.com:443
[debug] [2019-02-11T00:01:03.435Z] ----------------------------------------------------------------------
[debug] [2019-02-11T00:01:03.435Z] Command:       C:\Program Files\nodejs\node.exe C:\Users\Tyler\AppData\Roaming\npm\node_modules\firebase-tools\lib\bin\firebase.js init
[debug] [2019-02-11T00:01:03.435Z] CLI Version:   6.3.1
[debug] [2019-02-11T00:01:03.435Z] Platform:      win32
[debug] [2019-02-11T00:01:03.435Z] Node Version:  v8.11.3
[debug] [2019-02-11T00:01:03.435Z] Time:          Sun Feb 10 2019 16:01:03 GMT-0800 (Pacific Standard Time)
[debug] [2019-02-11T00:01:03.435Z] ----------------------------------------------------------------------
[debug] 
[debug] [2019-02-11T00:01:03.451Z] > command requires scopes: ["email","openid","https://www.googleapis.com/auth/cloudplatformprojects.readonly","https://www.googleapis.com/auth/firebase","https://www.googleapis.com/auth/cloud-platform"]
[debug] [2019-02-11T00:01:03.451Z] > authorizing via signed-in user
[info] 
     ######## #### ########  ######## ########     ###     ######  ########
     ##        ##  ##     ## ##       ##     ##  ##   ##  ##       ##
     ######    ##  ########  ######   ########  #########  ######  ######
     ##        ##  ##    ##  ##       ##     ## ##     ##       ## ##
     ##       #### ##     ## ######## ########  ##     ##  ######  ########

You're about to initialize a Firebase project in this directory:

  C:\Projects\microplastics\microplastics

Before we get started, keep in mind:

  * You are currently outside your home directory
  * You are initializing in an existing Firebase project directory

[info] 
=== Project Setup
[info] 
[info] First, let's associate this project directory with a Firebase project.
[info] You can create multiple project aliases by running firebase use --add, 
[info] but for now we'll just set up a default project.
[info] 
[debug] [2019-02-11T00:01:08.390Z] >>> HTTP REQUEST GET https://firebase.googleapis.com/v1beta1/projects?page_size=100  
 
[debug] [2019-02-11T00:01:08.421Z] Error: getaddrinfo ENOTFOUND firebase.googleapis.com firebase.googleapis.com:443
    at errnoException (dns.js:50:10)
    at GetAddrInfoReqWrap.onlookup [as oncomplete] (dns.js:92:26)
[error] 
[error] Error: Server Error. getaddrinfo ENOTFOUND firebase.googleapis.com firebase.googleapis.com:443
[debug] [2019-02-11T00:01:17.780Z] ----------------------------------------------------------------------
[debug] [2019-02-11T00:01:17.780Z] Command:       C:\Program Files\nodejs\node.exe C:\Users\Tyler\AppData\Roaming\npm\node_modules\firebase-tools\lib\bin\firebase.js init
[debug] [2019-02-11T00:01:17.780Z] CLI Version:   6.3.1
[debug] [2019-02-11T00:01:17.780Z] Platform:      win32
[debug] [2019-02-11T00:01:17.780Z] Node Version:  v8.11.3
[debug] [2019-02-11T00:01:17.780Z] Time:          Sun Feb 10 2019 16:01:17 GMT-0800 (Pacific Standard Time)
[debug] [2019-02-11T00:01:17.780Z] ----------------------------------------------------------------------
[debug] 
[debug] [2019-02-11T00:01:17.795Z] > command requires scopes: ["email","openid","https://www.googleapis.com/auth/cloudplatformprojects.readonly","https://www.googleapis.com/auth/firebase","https://www.googleapis.com/auth/cloud-platform"]
[debug] [2019-02-11T00:01:17.795Z] > authorizing via signed-in user
[info] 
     ######## #### ########  ######## ########     ###     ######  ########
     ##        ##  ##     ## ##       ##     ##  ##   ##  ##       ##
     ######    ##  ########  ######   ########  #########  ######  ######
     ##        ##  ##    ##  ##       ##     ## ##     ##       ## ##
     ##       #### ##     ## ######## ########  ##     ##  ######  ########

You're about to initialize a Firebase project in this directory:

  C:\Projects\microplastics\microplastics

Before we get started, keep in mind:

  * You are currently outside your home directory
  * You are initializing in an existing Firebase project directory

[info] 
=== Project Setup
[info] 
[info] First, let's associate this project directory with a Firebase project.
[info] You can create multiple project aliases by running firebase use --add, 
[info] but for now we'll just set up a default project.
[info] 
[debug] [2019-02-11T00:01:27.461Z] >>> HTTP REQUEST GET https://firebase.googleapis.com/v1beta1/projects?page_size=100  
 
[debug] [2019-02-11T00:01:27.493Z] Error: getaddrinfo ENOTFOUND firebase.googleapis.com firebase.googleapis.com:443
    at errnoException (dns.js:50:10)
    at GetAddrInfoReqWrap.onlookup [as oncomplete] (dns.js:92:26)
[error] 
[error] Error: Server Error. getaddrinfo ENOTFOUND firebase.googleapis.com firebase.googleapis.com:443
[debug] [2019-02-11T00:03:56.491Z] ----------------------------------------------------------------------
[debug] [2019-02-11T00:03:56.491Z] Command:       C:\Program Files\nodejs\node.exe C:\Users\Tyler\AppData\Roaming\npm\node_modules\firebase-tools\lib\bin\firebase.js init
[debug] [2019-02-11T00:03:56.491Z] CLI Version:   6.3.1
[debug] [2019-02-11T00:03:56.491Z] Platform:      win32
[debug] [2019-02-11T00:03:56.491Z] Node Version:  v8.11.3
[debug] [2019-02-11T00:03:56.491Z] Time:          Sun Feb 10 2019 16:03:56 GMT-0800 (Pacific Standard Time)
[debug] [2019-02-11T00:03:56.491Z] ----------------------------------------------------------------------
[debug] 
[debug] [2019-02-11T00:03:56.506Z] > command requires scopes: ["email","openid","https://www.googleapis.com/auth/cloudplatformprojects.readonly","https://www.googleapis.com/auth/firebase","https://www.googleapis.com/auth/cloud-platform"]
[debug] [2019-02-11T00:03:56.506Z] > authorizing via signed-in user
[info] 
     ######## #### ########  ######## ########     ###     ######  ########
     ##        ##  ##     ## ##       ##     ##  ##   ##  ##       ##
     ######    ##  ########  ######   ########  #########  ######  ######
     ##        ##  ##    ##  ##       ##     ## ##     ##       ## ##
     ##       #### ##     ## ######## ########  ##     ##  ######  ########

You're about to initialize a Firebase project in this directory:

  C:\Projects\microplastics\microplastics

Before we get started, keep in mind:

  * You are currently outside your home directory
  * You are initializing in an existing Firebase project directory

[info] 
=== Project Setup
[info] 
[info] First, let's associate this project directory with a Firebase project.
[info] You can create multiple project aliases by running firebase use --add, 
[info] but for now we'll just set up a default project.
[info] 
[debug] [2019-02-11T00:04:00.273Z] >>> HTTP REQUEST GET https://firebase.googleapis.com/v1beta1/projects?page_size=100  
 
[debug] [2019-02-11T00:04:00.718Z] <<< HTTP RESPONSE 200
[debug] [2019-02-11T00:07:17.015Z] ----------------------------------------------------------------------
[debug] [2019-02-11T00:07:17.018Z] Command:       C:\Program Files\nodejs\node.exe C:\Users\Tyler\AppData\Roaming\npm\node_modules\firebase-tools\lib\bin\firebase.js init
[debug] [2019-02-11T00:07:17.018Z] CLI Version:   6.3.1
[debug] [2019-02-11T00:07:17.018Z] Platform:      win32
[debug] [2019-02-11T00:07:17.018Z] Node Version:  v8.11.3
[debug] [2019-02-11T00:07:17.019Z] Time:          Sun Feb 10 2019 16:07:17 GMT-0800 (Pacific Standard Time)
[debug] [2019-02-11T00:07:17.019Z] ----------------------------------------------------------------------
[debug] 
[debug] [2019-02-11T00:07:17.033Z] > command requires scopes: ["email","openid","https://www.googleapis.com/auth/cloudplatformprojects.readonly","https://www.googleapis.com/auth/firebase","https://www.googleapis.com/auth/cloud-platform"]
[debug] [2019-02-11T00:07:17.034Z] > authorizing via signed-in user
[info] 
     ######## #### ########  ######## ########     ###     ######  ########
     ##        ##  ##     ## ##       ##     ##  ##   ##  ##       ##
     ######    ##  ########  ######   ########  #########  ######  ######
     ##        ##  ##    ##  ##       ##     ## ##     ##       ## ##
     ##       #### ##     ## ######## ########  ##     ##  ######  ########

You're about to initialize a Firebase project in this directory:

  C:\Projects\microplastics\microplastics

Before we get started, keep in mind:

  * You are currently outside your home directory
  * You are initializing in an existing Firebase project directory

[info] 
=== Project Setup
[info] 
[info] First, let's associate this project directory with a Firebase project.
[info] You can create multiple project aliases by running firebase use --add, 
[info] but for now we'll just set up a default project.
[info] 
[debug] [2019-02-11T00:07:20.333Z] >>> HTTP REQUEST GET https://firebase.googleapis.com/v1beta1/projects?page_size=100  
 
[debug] [2019-02-11T00:07:20.749Z] <<< HTTP RESPONSE 200
